\BOOKMARK [1][-]{section.1}{\376\377\000Z\000a\000d\000a\000n\000i\000e\000\040\0001\000:\000\040\000W\000r\000a\001\174\000l\000i\000w\000o\001\133\001\007\000\040\000n\000a\000\040\000n\000i\000e\000w\000i\000e\000l\000k\000i\000e\000\040\000z\000m\000i\000a\000n\000y\000\040\000d\000a\000n\000y\000c\000h}{}% 1
\BOOKMARK [2][-]{subsection.1.1}{\376\377\000O\000p\000i\000s\000\040\000p\000r\000o\000b\000l\000e\000m\000u}{section.1}% 2
\BOOKMARK [2][-]{subsection.1.2}{\376\377\000R\000o\000z\000w\000i\001\005\000z\000a\000n\000i\000e}{section.1}% 3
\BOOKMARK [2][-]{subsection.1.3}{\376\377\000W\000y\000n\000i\000k\000i}{section.1}% 4
\BOOKMARK [2][-]{subsection.1.4}{\376\377\000I\000n\000t\000e\000r\000p\000r\000e\000t\000a\000c\000j\000a\000\040\000w\000y\000n\000i\000k\000\363\000w\000\040\000o\000r\000a\000z\000\040\000W\000n\000i\000o\000s\000k\000i}{section.1}% 5
\BOOKMARK [1][-]{section.2}{\376\377\000Z\000a\000d\000a\000n\000i\000e\000\040\0002\000:\000\040\000A\000n\000a\000l\000i\000z\000a\000\040\000f\000u\000n\000k\000c\000j\000i\000\040\000i\000\040\000b\001\102\001\031\000d\000y\000\040\000n\000u\000m\000e\000r\000y\000c\000z\000n\000e}{}% 6
\BOOKMARK [2][-]{subsection.2.1}{\376\377\000O\000p\000i\000s\000\040\000p\000r\000o\000b\000l\000e\000m\000u}{section.2}% 7
\BOOKMARK [2][-]{subsection.2.2}{\376\377\000R\000o\000z\000w\000i\001\005\000z\000a\000n\000i\000e}{section.2}% 8
\BOOKMARK [2][-]{subsection.2.3}{\376\377\000W\000y\000n\000i\000k\000i}{section.2}% 9
\BOOKMARK [2][-]{subsection.2.4}{\376\377\000I\000n\000t\000e\000r\000p\000r\000e\000t\000a\000c\000j\000a\000\040\000w\000y\000n\000i\000k\000\363\000w\000\040\000o\000r\000a\000z\000\040\000W\000n\000i\000o\000s\000k\000i}{section.2}% 10
\BOOKMARK [1][-]{section.3}{\376\377\000Z\000a\000d\000a\000n\000i\000e\000\040\0003\000:\000\040\000U\000w\000a\000r\000u\000n\000k\000o\000w\000a\000n\000i\000e\000\040\000m\000a\000c\000i\000e\000r\000z\000y}{}% 11
\BOOKMARK [2][-]{subsection.3.1}{\376\377\000O\000p\000i\000s\000\040\000p\000r\000o\000b\000l\000e\000m\000u}{section.3}% 12
\BOOKMARK [2][-]{subsection.3.2}{\376\377\000R\000o\000z\000w\000i\001\005\000z\000a\000n\000i\000e}{section.3}% 13
\BOOKMARK [2][-]{subsection.3.3}{\376\377\000W\000y\000n\000i\000k\000i}{section.3}% 14
\BOOKMARK [2][-]{subsection.3.4}{\376\377\000I\000n\000t\000e\000r\000p\000r\000e\000t\000a\000c\000j\000a\000\040\000w\000y\000n\000i\000k\000\363\000w\000\040\000o\000r\000a\000z\000\040\000W\000n\000i\000o\000s\000k\000i}{section.3}% 15
\BOOKMARK [1][-]{section.4}{\376\377\000Z\000a\000d\000a\000n\000i\000e\000\040\0004\000:\000\040\000M\000e\000t\000o\000d\000y\000\040\000i\000t\000e\000r\000a\000c\000y\000j\000n\000e}{}% 16
\BOOKMARK [2][-]{subsection.4.1}{\376\377\000O\000p\000i\000s\000\040\000p\000r\000o\000b\000l\000e\000m\000u}{section.4}% 17
\BOOKMARK [2][-]{subsection.4.2}{\376\377\000R\000o\000z\000w\000i\001\005\000z\000a\000n\000i\000e}{section.4}% 18
\BOOKMARK [2][-]{subsection.4.3}{\376\377\000W\000y\000n\000i\000k\000i}{section.4}% 19
\BOOKMARK [2][-]{subsection.4.4}{\376\377\000I\000n\000t\000e\000r\000p\000r\000e\000t\000a\000c\000j\000a\000\040\000w\000y\000n\000i\000k\000\363\000w\000\040\000o\000r\000a\000z\000\040\000W\000n\000i\000o\000s\000k\000i}{section.4}% 20
\BOOKMARK [1][-]{section.5}{\376\377\000Z\000a\000d\000a\000n\000i\000e\000\040\0005\000:\000\040\000M\000o\000d\000e\000l\000\040\000l\000o\000g\000i\000s\000t\000y\000c\000z\000n\000y}{}% 21
\BOOKMARK [2][-]{subsection.5.1}{\376\377\000O\000p\000i\000s\000\040\000p\000r\000o\000b\000l\000e\000m\000u}{section.5}% 22
\BOOKMARK [2][-]{subsection.5.2}{\376\377\000R\000o\000z\000w\000i\001\005\000z\000a\000n\000i\000e}{section.5}% 23
\BOOKMARK [2][-]{subsection.5.3}{\376\377\000W\000y\000n\000i\000k\000i}{section.5}% 24
\BOOKMARK [2][-]{subsection.5.4}{\376\377\000I\000n\000t\000e\000r\000p\000r\000e\000t\000a\000c\000j\000a\000\040\000w\000y\000n\000i\000k\000\363\000w\000\040\000o\000r\000a\000z\000\040\000W\000n\000i\000o\000s\000k\000i}{section.5}% 25
\BOOKMARK [1][-]{section.6}{\376\377\000Z\000a\000d\000a\000n\000i\000e\000\040\0006\000:\000\040\000R\000\363\000w\000n\000a\000n\000i\000e\000\040\000r\000e\000k\000u\000r\000e\000n\000c\000y\000j\000n\000e}{}% 26
\BOOKMARK [2][-]{subsection.6.1}{\376\377\000O\000p\000i\000s\000\040\000p\000r\000o\000b\000l\000e\000m\000u}{section.6}% 27
\BOOKMARK [2][-]{subsection.6.2}{\376\377\000R\000o\000z\000w\000i\001\005\000z\000a\000n\000i\000e}{section.6}% 28
\BOOKMARK [2][-]{subsection.6.3}{\376\377\000W\000y\000n\000i\000k\000i}{section.6}% 29
\BOOKMARK [2][-]{subsection.6.4}{\376\377\000I\000n\000t\000e\000r\000p\000r\000e\000t\000a\000c\000j\000a\000\040\000w\000y\000n\000i\000k\000\363\000w\000\040\000o\000r\000a\000z\000\040\000W\000n\000i\000o\000s\000k\000i}{section.6}% 30
