\BOOKMARK [1][-]{section.1}{\376\377\000I\000m\000p\000l\000e\000m\000e\000n\000t\000a\000c\000j\000a\000\040\000f\000u\000n\000k\000c\000j\000i}{}% 1
\BOOKMARK [2][-]{subsection.1.1}{\376\377\000F\000u\000n\000k\000c\000j\000a\000\040\000i\000l\000o\000r\000a\000z\000y\000R\000o\000z\000n\000i\000c\000o\000w\000e}{section.1}% 2
\BOOKMARK [3][-]{subsubsection.1.1.1}{\376\377\000O\000p\000i\000s\000\040\000m\000a\000t\000e\000m\000a\000t\000y\000c\000z\000n\000y}{subsection.1.1}% 3
\BOOKMARK [3][-]{subsubsection.1.1.2}{\376\377\000P\000s\000e\000u\000d\000o\000k\000o\000d}{subsection.1.1}% 4
\BOOKMARK [3][-]{subsubsection.1.1.3}{\376\377\000O\000p\000i\000s\000\040\000d\000z\000i\000a\001\102\000a\000n\000i\000a}{subsection.1.1}% 5
\BOOKMARK [3][-]{subsubsection.1.1.4}{\376\377\000A\000n\000a\000l\000i\000z\000a\000\040\000z\001\102\000o\001\174\000o\000n\000o\001\133\000c\000i}{subsection.1.1}% 6
\BOOKMARK [2][-]{subsection.1.2}{\376\377\000F\000u\000n\000k\000c\000j\000a\000\040\000w\000a\000r\000N\000e\000w\000t\000o\000n}{section.1}% 7
\BOOKMARK [3][-]{subsubsection.1.2.1}{\376\377\000O\000p\000i\000s\000\040\000m\000a\000t\000e\000m\000a\000t\000y\000c\000z\000n\000y}{subsection.1.2}% 8
\BOOKMARK [3][-]{subsubsection.1.2.2}{\376\377\000P\000s\000e\000u\000d\000o\000k\000o\000d}{subsection.1.2}% 9
\BOOKMARK [3][-]{subsubsection.1.2.3}{\376\377\000O\000p\000i\000s\000\040\000d\000z\000i\000a\001\102\000a\000n\000i\000a}{subsection.1.2}% 10
\BOOKMARK [3][-]{subsubsection.1.2.4}{\376\377\000A\000n\000a\000l\000i\000z\000a\000\040\000z\001\102\000o\001\174\000o\000n\000o\001\133\000c\000i}{subsection.1.2}% 11
\BOOKMARK [2][-]{subsection.1.3}{\376\377\000F\000u\000n\000k\000c\000j\000a\000\040\000n\000a\000t\000u\000r\000a\000l\000n\000a}{section.1}% 12
\BOOKMARK [3][-]{subsubsection.1.3.1}{\376\377\000O\000p\000i\000s\000\040\000m\000a\000t\000e\000m\000a\000t\000y\000c\000z\000n\000y}{subsection.1.3}% 13
\BOOKMARK [3][-]{subsubsection.1.3.2}{\376\377\000P\000s\000e\000u\000d\000o\000k\000o\000d}{subsection.1.3}% 14
\BOOKMARK [3][-]{subsubsection.1.3.3}{\376\377\000O\000p\000i\000s\000\040\000d\000z\000i\000a\001\102\000a\000n\000i\000a}{subsection.1.3}% 15
\BOOKMARK [3][-]{subsubsection.1.3.4}{\376\377\000A\000n\000a\000l\000i\000z\000a\000\040\000z\001\102\000o\001\174\000o\000n\000o\001\133\000c\000i}{subsection.1.3}% 16
\BOOKMARK [2][-]{subsection.1.4}{\376\377\000F\000u\000n\000k\000c\000j\000a\000\040\000r\000y\000s\000u\000j\000N\000n\000f\000x}{section.1}% 17
\BOOKMARK [3][-]{subsubsection.1.4.1}{\376\377\000P\000s\000e\000u\000d\000o\000k\000o\000d}{subsection.1.4}% 18
\BOOKMARK [3][-]{subsubsection.1.4.2}{\376\377\000O\000p\000i\000s\000\040\000d\000z\000i\000a\001\102\000a\000n\000i\000a}{subsection.1.4}% 19
\BOOKMARK [1][-]{section.2}{\376\377\000T\000e\000s\000t\000o\000w\000a\000n\000i\000e}{}% 20
\BOOKMARK [1][-]{section.3}{\376\377\000Z\000a\000d\000a\000n\000i\000e\000\040\0005\000:\000\040\000I\000n\000t\000e\000r\000p\000o\000l\000a\000c\000j\000a\000\040\000f\000u\000n\000k\000c\000j\000i\000\040\000g\001\102\000a\000d\000k\000i\000c\000h}{}% 21
\BOOKMARK [2][-]{subsection.3.1}{\376\377\000F\000u\000n\000k\000c\000j\000a\000\040\000f\000\050\000x\000\051\000\040\000=\000\040\000e\000x}{section.3}% 22
\BOOKMARK [2][-]{subsection.3.2}{\376\377\000F\000u\000n\000k\000c\000j\000a\000\040\000f\000\050\000x\000\051\000\040\000=\000\040\000x\0002\000\040\000\050\000x\000\051}{section.3}% 23
\BOOKMARK [2][-]{subsection.3.3}{\376\377\000W\000n\000i\000o\000s\000k\000i}{section.3}% 24
\BOOKMARK [1][-]{section.4}{\376\377\000Z\000a\000d\000a\000n\000i\000e\000\040\0006\000:\000\040\000Z\000j\000a\000w\000i\000s\000k\000o\000\040\000r\000o\000z\000b\000i\000e\001\174\000n\000o\001\133\000c\000i\000\040\000i\000\040\000z\000j\000a\000w\000i\000s\000k\000o\000\040\000R\000u\000n\000g\000e\000g\000o}{}% 25
\BOOKMARK [2][-]{subsection.4.1}{\376\377\000F\000u\000n\000k\000c\000j\000a\000\040\000f\000\050\000x\000\051\000\040\000=\000\040\000|\000x\000|}{section.4}% 26
\BOOKMARK [2][-]{subsection.4.2}{\376\377\000F\000u\000n\000k\000c\000j\000a\000\040\000f\000\050\000x\000\051\000\040\000=\000\040\0001\0001\000+\000x\0002\000\040\000\050\000Z\000j\000a\000w\000i\000s\000k\000o\000\040\000R\000u\000n\000g\000e\000g\000o\000\051}{section.4}% 27
\BOOKMARK [2][-]{subsection.4.3}{\376\377\000W\000n\000i\000o\000s\000k\000i}{section.4}% 28
